[handleMsg]:  {
  key: {
    remoteJid: '573204773369@s.whatsapp.net',
    fromMe: false,
    id: '2800E51C175592BFF80AFA316743F219',
    participant: undefined
  },
  messageTimestamp: 1703109686,
  pushName: 'Sebastian Camargo',
  broadcast: false,
  message: Message {
    conversation: 'Hola',
    messageContextInfo: MessageContextInfo {
      deviceListMetadata: [DeviceListMetadata],
      deviceListMetadataVersion: 2
    }
  },
  body: 'Hola',
  from: '573204773369'
}
[QUEUE_SE_ENVIO]:  {
  ref: 'ans_0510c522-3077-4ede-98d4-47c6c80935f7',
  keyword: 'key_e01000af-8883-4c8a-a129-1d9c8a310fb0',
  answer: 'Hola 👋, bienvenido a Bull Marketing la agencia donde ¡siempre se puede!',
  options: {
    media: null,
    buttons: [],
    capture: false,
    child: null,
    delay: 0,
    idle: null,
    ref: null,
    nested: [],
    keyword: {},
    callback: false
  },
  refSerialize: '35652333a76286eba76cfb6caf9283a0'
}
[QUEUE_SE_ENVIO]:  {
  ref: 'ans_d64de46a-47ed-462c-9d33-d364aff4d8c7',
  keyword: 'ans_0510c522-3077-4ede-98d4-47c6c80935f7',
  answer: '¡Comencemos! ¿En qué te podemos ayudar? 🙌\n' +
    'Por favor digita el numero de la opción que desees:\n' +
    ' \n' +
    '👉 *1.Cotizar* Deseo cotizar un servicio.\n' +
    '👉 *2.Vacantes* Deseo trabajar con ustedes.\n' +
    '👉 *3.Comentario* Deseo dejar un comentario.\n' +
    '👉 *4.RRHH* Deseo comunicarme con Recurso Humano.\n' +
    '👉 *5.Contabilidad* Deseo comunicarme con Contabilidad.\n' +
    '👉 *6.Tesorería* Deseo comunicarme con Tesorería.\n' +
    '👉 *7.Proveedores* Deseo comunicarme con Proveedores y Compras.\n' +
    '👉 *8.Certificaciones* Certificaciones laborales',
  options: {
    media: null,
    buttons: [],
    capture: false,
    child: null,
    delay: 0,
    idle: null,
    ref: null,
    nested: [],
    keyword: {},
    callback: false
  },
  refSerialize: 'a4f3b53a1e44bd1176e04eb14a36a24a'
}
[handleMsg]:  {
  key: {
    remoteJid: '573204773369@s.whatsapp.net',
    fromMe: false,
    id: '938A74CE4B52C84E98825EF457D4394B',
    participant: undefined
  },
  messageTimestamp: 1703109690,
  pushName: 'Sebastian Camargo',
  broadcast: false,
  message: Message {
    conversation: '5',
    messageContextInfo: MessageContextInfo {
      deviceListMetadata: [DeviceListMetadata],
      deviceListMetadataVersion: 2
    }
  },
  body: '5',
  from: '573204773369'
}
[QUEUE_SE_ENVIO]:  {
  ref: 'ans_8ad10f10-3e24-4791-9b1f-ae3ac83fafab',
  keyword: 'key_ed3beb62-5e04-4c78-bb2c-94f820e71567',
  answer: '🙌 ¡Claro! ingresa al siguiente enlace que te direccionará con la persona del área encargada de contabilidad:\n' +
    ' \n' +
    '☞ https://bit.ly/3YCPIHx\n' +
    ' \n' +
    'También puedes escribirnos a los siguientes correos:\n' +
    ' \n' +
    '☞ contadores@bullmarketing.com.co\n' +
    '☞ contabilidad@v2vmarketing.com\n' +
    ' \n' +
    '*_Nuestros tiempos de respuesta pueden variar de acuerdo a la solicitud por lo cual permítenos y en un lapso inferior a las 48hrs te estaremos contáctando._*\n' +
    '\n' +
    '*Recepción* Para contacto con una persona.',
  options: {
    media: null,
    buttons: [],
    capture: false,
    child: null,
    delay: 0,
    idle: null,
    ref: null,
    nested: [],
    keyword: {},
    callback: false
  },
  refSerialize: '8b8f6341cb30bea710e0a03d7c67a872'
}
[QUEUE_SE_ENVIO]:  {
  ref: 'ans_a68cbe11-e94f-4897-bd1f-a19fa66d99fc',
  keyword: 'ans_8ad10f10-3e24-4791-9b1f-ae3ac83fafab',
  answer: '¿Necesitas ayuda con algo más?',
  options: {
    media: null,
    buttons: [],
    capture: false,
    child: null,
    delay: 4000,
    idle: null,
    ref: null,
    nested: [],
    keyword: {},
    callback: false
  },
  refSerialize: '8ddc0db8992cc6e4f339d84fd100a346'
}
[handleMsg]:  {
  key: {
    remoteJid: '573204773369@s.whatsapp.net',
    fromMe: false,
    id: 'CD3B62EE33F141EE64E0B13CD2F4B8E9',
    participant: undefined
  },
  messageTimestamp: 1703109721,
  pushName: 'Sebastian Camargo',
  broadcast: false,
  message: Message {
    conversation: '8',
    messageContextInfo: MessageContextInfo {
      deviceListMetadata: [DeviceListMetadata],
      deviceListMetadataVersion: 2
    }
  },
  body: '8',
  from: '573204773369'
}
[QUEUE_SE_ENVIO]:  {
  ref: 'ans_adddaf5f-5811-4040-a6a3-c722af8ce306',
  keyword: 'key_c90eebb8-ea21-42da-92ff-7ef67ad0dd0d',
  answer: '🙌 Claro! al siguiente correo adjunta los siguientes datos para poderte generar tu certificado laboral:\n' +
    ' \n' +
    '☞ recepcion@bullmarketing.com.co\n' +
    ' \n' +
    '1. Número de documento\n' +
    '2. Nombres y Apellidos Completos\n' +
    '3. Proyecto\n' +
    ' \n' +
    '*_Nuestros tiempos de respuesta pueden variar de acuerdo a la solicitud por lo cual permítenos y en un lapso inferior a las 48hrs te estaremos contáctando._*\n' +
    '\n' +
    '*Recepción* Para contacto con una persona.',
  options: {
    media: null,
    buttons: [],
    capture: false,
    child: null,
    delay: 0,
    idle: null,
    ref: null,
    nested: [],
    keyword: {},
    callback: false
  },
  refSerialize: '9a3220251f9aae94a60abf419a1aaf2d'
}
[QUEUE_SE_ENVIO]:  {
  ref: 'ans_c625ad78-5a79-405b-82f4-0424ff046a3d',
  keyword: 'ans_adddaf5f-5811-4040-a6a3-c722af8ce306',
  answer: '¿Necesitas ayuda con algo más?',
  options: {
    media: null,
    buttons: [],
    capture: false,
    child: null,
    delay: 4000,
    idle: null,
    ref: null,
    nested: [],
    keyword: {},
    callback: false
  },
  refSerialize: 'de2ee23b6f6534818ad438ec1e2ac9b5'
}
